Start testing: Mar 23 12:19 +08
----------------------------------------------------------
1/1 Testing: submodule2
1/1 Test: submodule2
Command: "/Users/dp/Desktop/speqtral_challenge/master-software/submodule-2/build/test-submodule2"
Directory: /Users/dp/Desktop/speqtral_challenge/master-software/submodule-2/build
"submodule2" start time: Mar 23 12:19 +08
Output:
----------------------------------------------------------
[==========] Running 1 test from 1 test suite.
[----------] Global test environment set-up.
[----------] 1 test from Submodule2Test
[ RUN      ] Submodule2Test.PrintTest
[       OK ] Submodule2Test.PrintTest (300 ms)
[----------] 1 test from Submodule2Test (300 ms total)

[----------] Global test environment tear-down
[==========] 1 test from 1 test suite ran. (300 ms total)
[  PASSED  ] 1 test.
<end of output>
Test time =   0.69 sec
----------------------------------------------------------
Test Passed.
"submodule2" end time: Mar 23 12:19 +08
"submodule2" time elapsed: 00:00:00
----------------------------------------------------------

End testing: Mar 23 12:19 +08
